<?xml version='1.0' encoding='UTF-8'?>
<testsuite hostname="DESKTOP-TNNCME4" name="objsets.TweetSetSuite" tests="9" errors="0" failures="0" time="0.452">
                     <properties>
[...]
</properties>
                     <testcase classname="objsets.TweetSetSuite" name="equlaity of tweets" time="0.444">
                                                 
                                               </testcase><testcase classname="objsets.TweetSetSuite" name="filter: on empty set" time="0.0">
                                                 
                                               </testcase><testcase classname="objsets.TweetSetSuite" name="filter: a on set5" time="0.0">
                                                 
                                               </testcase><testcase classname="objsets.TweetSetSuite" name="filter: 20 on set5" time="0.0">
                                                 
                                               </testcase><testcase classname="objsets.TweetSetSuite" name="union: set4c and set4d" time="0.0">
                                                 
                                               </testcase><testcase classname="objsets.TweetSetSuite" name="union: with empty set (1)" time="0.004">
                                                 
                                               </testcase><testcase classname="objsets.TweetSetSuite" name="union: with empty set (2)" time="0.0">
                                                 
                                               </testcase><testcase classname="objsets.TweetSetSuite" name="most retweeted tweet" time="0.0">
                                                 
                                               </testcase><testcase classname="objsets.TweetSetSuite" name="descending: set6" time="0.004">
                                                 
                                               </testcase>
                     <system-out></system-out>
                     <system-err></system-err>
                   </testsuite>